2026-01-09 18:47:27,431 - BinanceBot - INFO - Connected to Binance Futures Testnet
2026-01-09 18:47:27,514 - BinanceBot - INFO - Account Balance: 5000.00000000 USDT
2026-01-09 18:47:33,321 - BinanceBot - INFO - Connected to Binance Futures Testnet
2026-01-09 18:47:33,321 - BinanceBot - INFO - Account Balance: 5000.00000000 USDT
2026-01-09 18:47:34,242 - BinanceBot - INFO - Order Request - Type: MARKET, Symbol: BTCUSDT, Side: BUY, Details: {'quantity': 0.001, 'reduce_only': False}
2026-01-09 18:47:34,972 - BinanceBot - ERROR - Error placing market BUY order for BTCUSDT: BinanceAPIException - APIError(code=-4164): Order's notional must be no smaller than 100 (unless you choose reduce only).
Traceback (most recent call last):
  File "C:\Users\anish\OneDrive\Desktop\Crypto\src\market_orders.py", line 62, in place_market_order
    order = self.client.futures_create_order(
        symbol=symbol,
    ...<3 lines>...
        reduceOnly=reduce_only
    )
  File "C:\Users\anish\AppData\Roaming\Python\Python314\site-packages\binance\client.py", line 6504, in futures_create_order
    return self._request_futures_api('post', 'order', True, data=params)
           ~~~~~~~~~~~~~~~~~~~~~~~~~^^^^^^^^^^^^^^^^^^^^^^^^^^^^^^^^^^^^
  File "C:\Users\anish\AppData\Roaming\Python\Python314\site-packages\binance\client.py", line 383, in _request_futures_api
    return self._request(method, uri, signed, True, **kwargs)
           ~~~~~~~~~~~~~^^^^^^^^^^^^^^^^^^^^^^^^^^^^^^^^^^^^^
  File "C:\Users\anish\AppData\Roaming\Python\Python314\site-packages\binance\client.py", line 359, in _request
    return self._handle_response(self.response)
           ~~~~~~~~~~~~~~~~~~~~~^^^^^^^^^^^^^^^
  File "C:\Users\anish\AppData\Roaming\Python\Python314\site-packages\binance\client.py", line 368, in _handle_response
    raise BinanceAPIException(response, response.status_code, response.text)
binance.exceptions.BinanceAPIException: APIError(code=-4164): Order's notional must be no smaller than 100 (unless you choose reduce only).
2026-01-09 18:47:43,159 - BinanceBot - INFO - Connected to Binance Futures Testnet
2026-01-09 18:47:43,165 - BinanceBot - INFO - Account Balance: 5000.00000000 USDT
2026-01-09 18:47:43,993 - BinanceBot - INFO - Order Request - Type: LIMIT, Symbol: BTCUSDT, Side: BUY, Details: {'quantity': 0.001, 'price': 50000.0, 'time_in_force': 'GTC', 'reduce_only': False}
2026-01-09 18:47:44,492 - BinanceBot - ERROR - Error placing limit BUY order for BTCUSDT: BinanceAPIException - APIError(code=-4164): Order's notional must be no smaller than 100 (unless you choose reduce only).
Traceback (most recent call last):
  File "C:\Users\anish\OneDrive\Desktop\Crypto\src\limit_orders.py", line 78, in place_limit_order
    order = self.client.futures_create_order(
        symbol=symbol,
    ...<5 lines>...
        reduceOnly=reduce_only
    )
  File "C:\Users\anish\AppData\Roaming\Python\Python314\site-packages\binance\client.py", line 6504, in futures_create_order
    return self._request_futures_api('post', 'order', True, data=params)
           ~~~~~~~~~~~~~~~~~~~~~~~~~^^^^^^^^^^^^^^^^^^^^^^^^^^^^^^^^^^^^
  File "C:\Users\anish\AppData\Roaming\Python\Python314\site-packages\binance\client.py", line 383, in _request_futures_api
    return self._request(method, uri, signed, True, **kwargs)
           ~~~~~~~~~~~~~^^^^^^^^^^^^^^^^^^^^^^^^^^^^^^^^^^^^^
  File "C:\Users\anish\AppData\Roaming\Python\Python314\site-packages\binance\client.py", line 359, in _request
    return self._handle_response(self.response)
           ~~~~~~~~~~~~~~~~~~~~~^^^^^^^^^^^^^^^
  File "C:\Users\anish\AppData\Roaming\Python\Python314\site-packages\binance\client.py", line 368, in _handle_response
    raise BinanceAPIException(response, response.status_code, response.text)
binance.exceptions.BinanceAPIException: APIError(code=-4164): Order's notional must be no smaller than 100 (unless you choose reduce only).
2026-01-09 18:48:43,819 - BinanceBot - ERROR - Failed to connect to Binance: APIError(code=-1021): Timestamp for this request is outside of the recvWindow.
2026-01-09 18:48:48,064 - BinanceBot - ERROR - Failed to connect to Binance: APIError(code=-1022): Signature for this request is not valid.
2026-01-09 18:48:56,918 - BinanceBot - ERROR - Failed to connect to Binance: APIError(code=-1022): Signature for this request is not valid.
2026-01-09 18:49:06,797 - BinanceBot - ERROR - Failed to connect to Binance: APIError(code=-1022): Signature for this request is not valid.
2026-01-09 18:49:12,696 - BinanceBot - ERROR - Failed to connect to Binance: APIError(code=-1022): Signature for this request is not valid.
2026-01-09 18:49:21,465 - BinanceBot - ERROR - Failed to connect to Binance: APIError(code=-1022): Signature for this request is not valid.
2026-01-09 18:49:27,495 - BinanceBot - ERROR - Failed to connect to Binance: APIError(code=-1022): Signature for this request is not valid.
2026-01-09 18:49:33,448 - BinanceBot - ERROR - Failed to connect to Binance: APIError(code=-1022): Signature for this request is not valid.
2026-01-09 18:49:39,265 - BinanceBot - ERROR - Failed to connect to Binance: APIError(code=-1022): Signature for this request is not valid.
2026-01-09 18:53:12,210 - BinanceBot - INFO - Time synchronized (diff: -90ms)
2026-01-09 18:53:14,789 - BinanceBot - ERROR - Invalid API signature. Please check your API key and secret.
2026-01-09 18:53:14,790 - BinanceBot - ERROR - Make sure you're using the correct credentials for testnet/mainnet
2026-01-09 18:53:14,791 - BinanceBot - ERROR - Failed to connect to Binance: APIError(code=-1022): Signature for this request is not valid.
2026-01-09 18:53:23,189 - BinanceBot - INFO - Time synchronized (diff: -82ms)
2026-01-09 18:53:24,476 - BinanceBot - ERROR - Invalid API signature. Please check your API key and secret.
2026-01-09 18:53:24,477 - BinanceBot - ERROR - Make sure you're using the correct credentials for testnet/mainnet
2026-01-09 18:53:24,477 - BinanceBot - ERROR - Failed to connect to Binance: APIError(code=-1022): Signature for this request is not valid.
2026-01-09 19:00:00,080 - BinanceBot - INFO - Time synchronized (diff: -101ms)
2026-01-09 19:00:00,966 - BinanceBot - ERROR - Invalid API signature. Please check your API key and secret.
2026-01-09 19:00:00,967 - BinanceBot - ERROR - Make sure you're using the correct credentials for testnet/mainnet
2026-01-09 19:00:00,967 - BinanceBot - ERROR - Failed to connect to Binance: APIError(code=-1022): Signature for this request is not valid.
2026-01-09 19:01:24,973 - BinanceBot - INFO - Time synchronized (diff: -88ms)
2026-01-09 19:01:26,076 - BinanceBot - INFO - Connected to Binance Futures Testnet
2026-01-09 19:01:26,076 - BinanceBot - INFO - Account Balance: 5000.00000000 USDT
2026-01-09 19:01:39,941 - BinanceBot - INFO - Time synchronized (diff: -87ms)
2026-01-09 19:01:44,185 - BinanceBot - INFO - Connected to Binance Futures Testnet
2026-01-09 19:01:44,185 - BinanceBot - INFO - Account Balance: 5000.00000000 USDT
2026-01-09 19:01:48,580 - BinanceBot - INFO - Time synchronized (diff: -89ms)
2026-01-09 19:01:49,747 - BinanceBot - INFO - Connected to Binance Futures Testnet
2026-01-09 19:01:49,747 - BinanceBot - INFO - Account Balance: 5000.00000000 USDT
2026-01-09 19:01:50,659 - BinanceBot - INFO - Order Request - Type: MARKET, Symbol: BTCUSDT, Side: BUY, Details: {'quantity': 0.001, 'reduce_only': False}
2026-01-09 19:01:51,175 - BinanceBot - ERROR - Error placing market BUY order for BTCUSDT: BinanceAPIException - APIError(code=-4164): Order's notional must be no smaller than 100 (unless you choose reduce only).
Traceback (most recent call last):
  File "C:\Users\anish\OneDrive\Desktop\Crypto\src\market_orders.py", line 62, in place_market_order
    order = self.client.futures_create_order(
        symbol=symbol,
    ...<3 lines>...
        reduceOnly=reduce_only
    )
  File "C:\Users\anish\AppData\Roaming\Python\Python314\site-packages\binance\client.py", line 6504, in futures_create_order
    return self._request_futures_api('post', 'order', True, data=params)
           ~~~~~~~~~~~~~~~~~~~~~~~~~^^^^^^^^^^^^^^^^^^^^^^^^^^^^^^^^^^^^
  File "C:\Users\anish\AppData\Roaming\Python\Python314\site-packages\binance\client.py", line 383, in _request_futures_api
    return self._request(method, uri, signed, True, **kwargs)
           ~~~~~~~~~~~~~^^^^^^^^^^^^^^^^^^^^^^^^^^^^^^^^^^^^^
  File "C:\Users\anish\AppData\Roaming\Python\Python314\site-packages\binance\client.py", line 359, in _request
    return self._handle_response(self.response)
           ~~~~~~~~~~~~~~~~~~~~~^^^^^^^^^^^^^^^
  File "C:\Users\anish\AppData\Roaming\Python\Python314\site-packages\binance\client.py", line 368, in _handle_response
    raise BinanceAPIException(response, response.status_code, response.text)
binance.exceptions.BinanceAPIException: APIError(code=-4164): Order's notional must be no smaller than 100 (unless you choose reduce only).
